Determining if the pthread_create exist failed with the following output:
Change Dir: /home/chl/workspaces/torch_cc/vs_code_learn/2/vscode_caffe/build/CMakeFiles/CMakeTmp

Run Build Command:"/usr/bin/make" "cmTC_69207/fast"
/usr/bin/make -f CMakeFiles/cmTC_69207.dir/build.make CMakeFiles/cmTC_69207.dir/build
make[1]: Entering directory '/home/chl/workspaces/torch_cc/vs_code_learn/2/vscode_caffe/build/CMakeFiles/CMakeTmp'
Building C object CMakeFiles/cmTC_69207.dir/CheckSymbolExists.c.o
/usr/bin/gcc-5    -fPIC    -o CMakeFiles/cmTC_69207.dir/CheckSymbolExists.c.o   -c /home/chl/workspaces/torch_cc/vs_code_learn/2/vscode_caffe/build/CMakeFiles/CMakeTmp/CheckSymbolExists.c
Linking C executable cmTC_69207
/usr/bin/cmake -E cmake_link_script CMakeFiles/cmTC_69207.dir/link.txt --verbose=1
/usr/bin/gcc-5  -fPIC     CMakeFiles/cmTC_69207.dir/CheckSymbolExists.c.o  -o cmTC_69207 -rdynamic 
CMakeFiles/cmTC_69207.dir/CheckSymbolExists.c.o: In function `main':
CheckSymbolExists.c:(.text+0x1b): undefined reference to `pthread_create'
collect2: error: ld returned 1 exit status
CMakeFiles/cmTC_69207.dir/build.make:97: recipe for target 'cmTC_69207' failed
make[1]: *** [cmTC_69207] Error 1
make[1]: Leaving directory '/home/chl/workspaces/torch_cc/vs_code_learn/2/vscode_caffe/build/CMakeFiles/CMakeTmp'
Makefile:126: recipe for target 'cmTC_69207/fast' failed
make: *** [cmTC_69207/fast] Error 2

File /home/chl/workspaces/torch_cc/vs_code_learn/2/vscode_caffe/build/CMakeFiles/CMakeTmp/CheckSymbolExists.c:
/* */
#include <pthread.h>

int main(int argc, char** argv)
{
  (void)argv;
#ifndef pthread_create
  return ((int*)(&pthread_create))[argc];
#else
  (void)argc;
  return 0;
#endif
}

Determining if the function pthread_create exists in the pthreads failed with the following output:
Change Dir: /home/chl/workspaces/torch_cc/vs_code_learn/2/vscode_caffe/build/CMakeFiles/CMakeTmp

Run Build Command:"/usr/bin/make" "cmTC_b659c/fast"
/usr/bin/make -f CMakeFiles/cmTC_b659c.dir/build.make CMakeFiles/cmTC_b659c.dir/build
make[1]: Entering directory '/home/chl/workspaces/torch_cc/vs_code_learn/2/vscode_caffe/build/CMakeFiles/CMakeTmp'
Building C object CMakeFiles/cmTC_b659c.dir/CheckFunctionExists.c.o
/usr/bin/gcc-5    -fPIC -DCHECK_FUNCTION_EXISTS=pthread_create   -o CMakeFiles/cmTC_b659c.dir/CheckFunctionExists.c.o   -c /usr/share/cmake-3.5/Modules/CheckFunctionExists.c
Linking C executable cmTC_b659c
/usr/bin/cmake -E cmake_link_script CMakeFiles/cmTC_b659c.dir/link.txt --verbose=1
/usr/bin/gcc-5  -fPIC -DCHECK_FUNCTION_EXISTS=pthread_create    CMakeFiles/cmTC_b659c.dir/CheckFunctionExists.c.o  -o cmTC_b659c -rdynamic -lpthreads 
/usr/bin/ld: cannot find -lpthreads
collect2: error: ld returned 1 exit status
CMakeFiles/cmTC_b659c.dir/build.make:97: recipe for target 'cmTC_b659c' failed
make[1]: *** [cmTC_b659c] Error 1
make[1]: Leaving directory '/home/chl/workspaces/torch_cc/vs_code_learn/2/vscode_caffe/build/CMakeFiles/CMakeTmp'
Makefile:126: recipe for target 'cmTC_b659c/fast' failed
make: *** [cmTC_b659c/fast] Error 2


